<maera-plugin key="test.disabled.plugin" name="Disabled Plugin" state="disabled">

    <mineral key="gold" name="Bar" class="org.maera.plugin.mock.MockGold" state="disabled">
        <weight>20</weight>
    </mineral>
</maera-plugin>