<maera-plugin name="Test Plugin" i18n-name-key="test.maera.plugin.i18n" key="test.maera.plugin">
    <plugin-info>
        <version>1.0</version>
    </plugin-info>

    <requiresRestart key="foo"/>
</maera-plugin>