<maera-plugin key="test.bad.plugin" name="Test Plugin">
    <animal key="bear" name="Bear Animal" class="org.maera.plugin.mock.MockBear"/>
    <mineral key="bear" name="Bar" class="org.maera.plugin.mock.MockGold"/>
</maera-plugin>