<maera-plugin name="Test Plugin (Changed)" i18n-name-key="test.maera.plugin.i18n" key="test.maera.plugin">
    <plugin-info>
        <description key="test.maera.plugin.desc.i18n">
            This plugin descriptor is used to test loading over a plugin with the same version but different contents!
        </description>
        <version>1.0</version>
        <application-version min="3.0" max="3.1"/>
        <vendor name="Katasoft, Inc." url="http://www.katasoft.com"/>
        <param name="arbitrary.parameter">brown</param>
    </plugin-info>

    <animal key="bear" i18n-name-key="test.maera.module.bear.name" name="Bear Animal"
            class="org.maera.plugin.mock.MockBear">
        <description key="test.maera.module.bear.description">A plugin module to describe a bear</description>

        <param name="height" value="20"/>
        <param name="colour">brown</param>

        <resource type="velocity" name="view" location="/bear/display.vm"/>
        <resource type="velocity" name="search" location="/bear/display.vm">
            <param name="max-results" value="20"/>
            <param name="sort">relevance</param>
        </resource>
        <resource type="velocity" name="edit">Show an input box here.</resource>
    </animal>

    <mineral key="gold" name="Bar" class="org.maera.plugin.mock.MockGold">
        <weight>20</weight>
    </mineral>

    <resource type="download" name="icon.gif" location="/icon.gif"/>
</maera-plugin>