<maera-plugin key="test:bad" name="Bad Plugin Key">

</maera-plugin>