<maera-plugin name="Test Plugin" key="test.maera.plugin" pluginsVersion="2">
    <plugin-info>
        <description>This plugin descriptor is just used for test purposes!</description>
        <version>1.0</version>
        <application-version min="3.0" max="3.1"/>
        <vendor name="Katasoft, Inc." url="http://www.katasoft.com"/>
    </plugin-info>

</maera-plugin>